0 info it worked if it ends with ok
1 verbose cli [ '/usr/local/bin/node', '/usr/local/bin/npm', 'install' ]
2 info using npm@2.14.7
3 info using node@v4.2.1
4 verbose readDependencies loading dependencies from /Users/eliu/code/gittest/expressProject/myApp/package.json
5 verbose install where, deps [ '/Users/eliu/code/gittest/expressProject/myApp',
5 verbose install   [ 'body-parser',
5 verbose install     'cookie-parser',
5 verbose install     'debug',
5 verbose install     'express',
5 verbose install     'jade',
5 verbose install     'morgan',
5 verbose install     'serve-favicon' ] ]
6 verbose install where, peers [ '/Users/eliu/code/gittest/expressProject/myApp', [] ]
7 verbose installManyTop reading for lifecycle /Users/eliu/code/gittest/expressProject/myApp/package.json
8 info preinstall myApp@0.0.0
9 verbose readDependencies loading dependencies from /Users/eliu/code/gittest/expressProject/myApp/package.json
10 silly cache add args [ 'cookie-parser@~1.3.5', null ]
11 verbose cache add spec cookie-parser@~1.3.5
12 silly cache add parsed spec Result {
12 silly cache add   raw: 'cookie-parser@~1.3.5',
12 silly cache add   scope: null,
12 silly cache add   name: 'cookie-parser',
12 silly cache add   rawSpec: '~1.3.5',
12 silly cache add   spec: '>=1.3.5 <1.4.0',
12 silly cache add   type: 'range' }
13 silly addNamed cookie-parser@>=1.3.5 <1.4.0
14 verbose addNamed ">=1.3.5 <1.4.0" is a valid semver range for cookie-parser
15 silly addNameRange { name: 'cookie-parser',
15 silly addNameRange   range: '>=1.3.5 <1.4.0',
15 silly addNameRange   hasData: false }
16 silly mapToRegistry name cookie-parser
17 silly mapToRegistry using default registry
18 silly mapToRegistry registry https://registry.npmjs.org/
19 silly mapToRegistry uri https://registry.npmjs.org/cookie-parser
20 verbose addNameRange registry:https://registry.npmjs.org/cookie-parser not in flight; fetching
21 silly cache add args [ 'debug@~2.2.0', null ]
22 verbose cache add spec debug@~2.2.0
23 silly cache add parsed spec Result {
23 silly cache add   raw: 'debug@~2.2.0',
23 silly cache add   scope: null,
23 silly cache add   name: 'debug',
23 silly cache add   rawSpec: '~2.2.0',
23 silly cache add   spec: '>=2.2.0 <2.3.0',
23 silly cache add   type: 'range' }
24 silly addNamed debug@>=2.2.0 <2.3.0
25 verbose addNamed ">=2.2.0 <2.3.0" is a valid semver range for debug
26 silly addNameRange { name: 'debug', range: '>=2.2.0 <2.3.0', hasData: false }
27 silly mapToRegistry name debug
28 silly mapToRegistry using default registry
29 silly mapToRegistry registry https://registry.npmjs.org/
30 silly mapToRegistry uri https://registry.npmjs.org/debug
31 verbose addNameRange registry:https://registry.npmjs.org/debug not in flight; fetching
32 silly cache add args [ 'express@~4.13.1', null ]
33 verbose cache add spec express@~4.13.1
34 silly cache add parsed spec Result {
34 silly cache add   raw: 'express@~4.13.1',
34 silly cache add   scope: null,
34 silly cache add   name: 'express',
34 silly cache add   rawSpec: '~4.13.1',
34 silly cache add   spec: '>=4.13.1 <4.14.0',
34 silly cache add   type: 'range' }
35 silly addNamed express@>=4.13.1 <4.14.0
36 verbose addNamed ">=4.13.1 <4.14.0" is a valid semver range for express
37 silly addNameRange { name: 'express', range: '>=4.13.1 <4.14.0', hasData: false }
38 silly mapToRegistry name express
39 silly mapToRegistry using default registry
40 silly mapToRegistry registry https://registry.npmjs.org/
41 silly mapToRegistry uri https://registry.npmjs.org/express
42 verbose addNameRange registry:https://registry.npmjs.org/express not in flight; fetching
43 silly cache add args [ 'jade@~1.11.0', null ]
44 verbose cache add spec jade@~1.11.0
45 silly cache add parsed spec Result {
45 silly cache add   raw: 'jade@~1.11.0',
45 silly cache add   scope: null,
45 silly cache add   name: 'jade',
45 silly cache add   rawSpec: '~1.11.0',
45 silly cache add   spec: '>=1.11.0 <1.12.0',
45 silly cache add   type: 'range' }
46 silly addNamed jade@>=1.11.0 <1.12.0
47 verbose addNamed ">=1.11.0 <1.12.0" is a valid semver range for jade
48 silly addNameRange { name: 'jade', range: '>=1.11.0 <1.12.0', hasData: false }
49 silly mapToRegistry name jade
50 silly mapToRegistry using default registry
51 silly mapToRegistry registry https://registry.npmjs.org/
52 silly mapToRegistry uri https://registry.npmjs.org/jade
53 verbose addNameRange registry:https://registry.npmjs.org/jade not in flight; fetching
54 silly cache add args [ 'morgan@~1.6.1', null ]
55 verbose cache add spec morgan@~1.6.1
56 silly cache add parsed spec Result {
56 silly cache add   raw: 'morgan@~1.6.1',
56 silly cache add   scope: null,
56 silly cache add   name: 'morgan',
56 silly cache add   rawSpec: '~1.6.1',
56 silly cache add   spec: '>=1.6.1 <1.7.0',
56 silly cache add   type: 'range' }
57 silly addNamed morgan@>=1.6.1 <1.7.0
58 verbose addNamed ">=1.6.1 <1.7.0" is a valid semver range for morgan
59 silly addNameRange { name: 'morgan', range: '>=1.6.1 <1.7.0', hasData: false }
60 silly mapToRegistry name morgan
61 silly mapToRegistry using default registry
62 silly mapToRegistry registry https://registry.npmjs.org/
63 silly mapToRegistry uri https://registry.npmjs.org/morgan
64 verbose addNameRange registry:https://registry.npmjs.org/morgan not in flight; fetching
65 silly cache add args [ 'serve-favicon@~2.3.0', null ]
66 verbose cache add spec serve-favicon@~2.3.0
67 silly cache add parsed spec Result {
67 silly cache add   raw: 'serve-favicon@~2.3.0',
67 silly cache add   scope: null,
67 silly cache add   name: 'serve-favicon',
67 silly cache add   rawSpec: '~2.3.0',
67 silly cache add   spec: '>=2.3.0 <2.4.0',
67 silly cache add   type: 'range' }
68 silly addNamed serve-favicon@>=2.3.0 <2.4.0
69 verbose addNamed ">=2.3.0 <2.4.0" is a valid semver range for serve-favicon
70 silly addNameRange { name: 'serve-favicon',
70 silly addNameRange   range: '>=2.3.0 <2.4.0',
70 silly addNameRange   hasData: false }
71 silly mapToRegistry name serve-favicon
72 silly mapToRegistry using default registry
73 silly mapToRegistry registry https://registry.npmjs.org/
74 silly mapToRegistry uri https://registry.npmjs.org/serve-favicon
75 verbose addNameRange registry:https://registry.npmjs.org/serve-favicon not in flight; fetching
76 silly cache add args [ 'body-parser@~1.13.2', null ]
77 verbose cache add spec body-parser@~1.13.2
78 silly cache add parsed spec Result {
78 silly cache add   raw: 'body-parser@~1.13.2',
78 silly cache add   scope: null,
78 silly cache add   name: 'body-parser',
78 silly cache add   rawSpec: '~1.13.2',
78 silly cache add   spec: '>=1.13.2 <1.14.0',
78 silly cache add   type: 'range' }
79 silly addNamed body-parser@>=1.13.2 <1.14.0
80 verbose addNamed ">=1.13.2 <1.14.0" is a valid semver range for body-parser
81 silly addNameRange { name: 'body-parser',
81 silly addNameRange   range: '>=1.13.2 <1.14.0',
81 silly addNameRange   hasData: false }
82 silly mapToRegistry name body-parser
83 silly mapToRegistry using default registry
84 silly mapToRegistry registry https://registry.npmjs.org/
85 silly mapToRegistry uri https://registry.npmjs.org/body-parser
86 verbose addNameRange registry:https://registry.npmjs.org/body-parser not in flight; fetching
87 verbose request uri https://registry.npmjs.org/cookie-parser
88 verbose request no auth needed
89 info attempt registry request try #1 at 18:11:31
90 verbose request id 6e6a3f08b952417a
91 http request GET https://registry.npmjs.org/cookie-parser
92 verbose request uri https://registry.npmjs.org/jade
93 verbose request no auth needed
94 info attempt registry request try #1 at 18:11:31
95 http request GET https://registry.npmjs.org/jade
96 verbose request uri https://registry.npmjs.org/morgan
97 verbose request no auth needed
98 info attempt registry request try #1 at 18:11:31
99 http request GET https://registry.npmjs.org/morgan
100 verbose request uri https://registry.npmjs.org/serve-favicon
101 verbose request no auth needed
102 info attempt registry request try #1 at 18:11:31
103 http request GET https://registry.npmjs.org/serve-favicon
104 verbose request uri https://registry.npmjs.org/body-parser
105 verbose request no auth needed
106 info attempt registry request try #1 at 18:11:31
107 http request GET https://registry.npmjs.org/body-parser
108 info retry will retry, error on last attempt: Error: getaddrinfo ENOTFOUND registry.npmjs.org registry.npmjs.org:443
109 info retry will retry, error on last attempt: Error: getaddrinfo ENOTFOUND registry.npmjs.org registry.npmjs.org:443
110 info retry will retry, error on last attempt: Error: getaddrinfo ENOTFOUND registry.npmjs.org registry.npmjs.org:443
111 info retry will retry, error on last attempt: Error: getaddrinfo ENOTFOUND registry.npmjs.org registry.npmjs.org:443
112 verbose request uri https://registry.npmjs.org/debug
113 verbose request no auth needed
114 info attempt registry request try #1 at 18:12:01
115 verbose etag "EW5UXMIKLKE6U10GTHLWG6M8F"
116 http request GET https://registry.npmjs.org/debug
117 verbose request uri https://registry.npmjs.org/express
118 verbose request no auth needed
119 info attempt registry request try #1 at 18:12:01
120 verbose etag "CLHMXCBP71MF9I2CQ46TP8EN"
121 http request GET https://registry.npmjs.org/express
122 info attempt registry request try #2 at 18:12:11
123 http request GET https://registry.npmjs.org/morgan
124 info attempt registry request try #2 at 18:12:11
125 http request GET https://registry.npmjs.org/serve-favicon
126 info attempt registry request try #2 at 18:12:11
127 http request GET https://registry.npmjs.org/jade
128 info attempt registry request try #2 at 18:12:11
129 http request GET https://registry.npmjs.org/cookie-parser
130 info retry will retry, error on last attempt: Error: getaddrinfo ENOTFOUND registry.npmjs.org registry.npmjs.org:443
131 info retry will retry, error on last attempt: Error: getaddrinfo ENOTFOUND registry.npmjs.org registry.npmjs.org:443
132 info retry will retry, error on last attempt: Error: getaddrinfo ENOTFOUND registry.npmjs.org registry.npmjs.org:443
133 info retry will retry, error on last attempt: Error: getaddrinfo ENOTFOUND registry.npmjs.org registry.npmjs.org:443
134 info attempt registry request try #2 at 18:12:41
135 verbose etag "EW5UXMIKLKE6U10GTHLWG6M8F"
136 http request GET https://registry.npmjs.org/debug
137 info attempt registry request try #2 at 18:12:41
138 verbose etag "CLHMXCBP71MF9I2CQ46TP8EN"
139 http request GET https://registry.npmjs.org/express
140 info attempt registry request try #2 at 18:12:41
141 http request GET https://registry.npmjs.org/body-parser
142 info retry will retry, error on last attempt: Error: getaddrinfo ENOTFOUND registry.npmjs.org registry.npmjs.org:443
143 info retry will retry, error on last attempt: Error: getaddrinfo ENOTFOUND registry.npmjs.org registry.npmjs.org:443
144 info retry will retry, error on last attempt: Error: getaddrinfo ENOTFOUND registry.npmjs.org registry.npmjs.org:443
145 info retry will retry, error on last attempt: Error: getaddrinfo ENOTFOUND registry.npmjs.org registry.npmjs.org:443
146 info retry will retry, error on last attempt: Error: getaddrinfo ENOTFOUND registry.npmjs.org registry.npmjs.org:443
147 info retry will retry, error on last attempt: Error: getaddrinfo ENOTFOUND registry.npmjs.org registry.npmjs.org:443
148 info attempt registry request try #3 at 18:13:41
149 http request GET https://registry.npmjs.org/morgan
150 info attempt registry request try #3 at 18:14:01
151 http request GET https://registry.npmjs.org/jade
152 info attempt registry request try #3 at 18:14:01
153 http request GET https://registry.npmjs.org/cookie-parser
154 info attempt registry request try #3 at 18:14:01
155 http request GET https://registry.npmjs.org/serve-favicon
156 info attempt registry request try #3 at 18:14:11
157 verbose etag "EW5UXMIKLKE6U10GTHLWG6M8F"
158 http request GET https://registry.npmjs.org/debug
159 info attempt registry request try #3 at 18:14:31
160 http request GET https://registry.npmjs.org/body-parser
161 info attempt registry request try #3 at 18:14:31
162 verbose etag "CLHMXCBP71MF9I2CQ46TP8EN"
163 http request GET https://registry.npmjs.org/express
164 silly get cb [ 304, undefined ]
165 verbose etag https://registry.npmjs.org/debug from cache
166 verbose get saving debug to /Users/eliu/.npm/registry.npmjs.org/debug/.cache.json
167 silly addNameRange number 2 { name: 'debug', range: '>=2.2.0 <2.3.0', hasData: true }
168 silly addNameRange versions [ 'debug',
168 silly addNameRange   [ '0.0.1',
168 silly addNameRange     '0.1.0',
168 silly addNameRange     '0.2.0',
168 silly addNameRange     '0.3.0',
168 silly addNameRange     '0.4.0',
168 silly addNameRange     '0.4.1',
168 silly addNameRange     '0.5.0',
168 silly addNameRange     '0.6.0',
168 silly addNameRange     '0.7.0',
168 silly addNameRange     '0.7.1',
168 silly addNameRange     '0.7.2',
168 silly addNameRange     '0.7.3',
168 silly addNameRange     '0.7.4',
168 silly addNameRange     '0.8.0',
168 silly addNameRange     '0.8.1',
168 silly addNameRange     '1.0.0',
168 silly addNameRange     '1.0.1',
168 silly addNameRange     '1.0.2',
168 silly addNameRange     '1.0.3',
168 silly addNameRange     '1.0.4',
168 silly addNameRange     '2.0.0',
168 silly addNameRange     '2.1.0',
168 silly addNameRange     '2.1.1',
168 silly addNameRange     '2.1.2',
168 silly addNameRange     '2.1.3',
168 silly addNameRange     '2.2.0' ] ]
169 silly addNamed debug@2.2.0
170 verbose addNamed "2.2.0" is a plain semver version for debug
171 silly cache afterAdd debug@2.2.0
172 verbose afterAdd /Users/eliu/.npm/debug/2.2.0/package/package.json not in flight; writing
173 verbose afterAdd /Users/eliu/.npm/debug/2.2.0/package/package.json written
174 silly get cb [ 304, undefined ]
175 verbose etag https://registry.npmjs.org/express from cache
176 verbose get saving express to /Users/eliu/.npm/registry.npmjs.org/express/.cache.json
177 silly addNameRange number 2 { name: 'express', range: '>=4.13.1 <4.14.0', hasData: true }
178 silly addNameRange versions [ 'express',
178 silly addNameRange   [ '0.14.0',
178 silly addNameRange     '0.14.1',
178 silly addNameRange     '1.0.0',
178 silly addNameRange     '1.0.1',
178 silly addNameRange     '1.0.2',
178 silly addNameRange     '1.0.3',
178 silly addNameRange     '1.0.4',
178 silly addNameRange     '1.0.5',
178 silly addNameRange     '1.0.6',
178 silly addNameRange     '1.0.7',
178 silly addNameRange     '1.0.8',
178 silly addNameRange     '2.0.0',
178 silly addNameRange     '2.1.0',
178 silly addNameRange     '2.1.1',
178 silly addNameRange     '2.2.0',
178 silly addNameRange     '2.2.1',
178 silly addNameRange     '2.2.2',
178 silly addNameRange     '2.3.0',
178 silly addNameRange     '2.3.1',
178 silly addNameRange     '2.3.2',
178 silly addNameRange     '2.3.3',
178 silly addNameRange     '2.3.4',
178 silly addNameRange     '2.3.5',
178 silly addNameRange     '2.3.6',
178 silly addNameRange     '2.3.7',
178 silly addNameRange     '2.3.8',
178 silly addNameRange     '2.3.9',
178 silly addNameRange     '2.3.10',
178 silly addNameRange     '2.3.11',
178 silly addNameRange     '2.3.12',
178 silly addNameRange     '2.4.0',
178 silly addNameRange     '2.4.1',
178 silly addNameRange     '2.4.2',
178 silly addNameRange     '2.4.3',
178 silly addNameRange     '2.4.4',
178 silly addNameRange     '2.4.5',
178 silly addNameRange     '2.4.6',
178 silly addNameRange     '2.4.7',
178 silly addNameRange     '2.5.0',
178 silly addNameRange     '2.5.1',
178 silly addNameRange     '2.5.2',
178 silly addNameRange     '2.5.3',
178 silly addNameRange     '2.5.4',
178 silly addNameRange     '2.5.5',
178 silly addNameRange     '2.5.6',
178 silly addNameRange     '2.5.7',
178 silly addNameRange     '2.5.8',
178 silly addNameRange     '2.5.9',
178 silly addNameRange     '2.5.10',
178 silly addNameRange     '2.5.11',
178 silly addNameRange     '3.0.0',
178 silly addNameRange     '3.0.1',
178 silly addNameRange     '3.0.2',
178 silly addNameRange     '3.0.3',
178 silly addNameRange     '3.0.4',
178 silly addNameRange     '3.0.5',
178 silly addNameRange     '3.0.6',
178 silly addNameRange     '3.1.0',
178 silly addNameRange     '3.1.1',
178 silly addNameRange     '3.1.2',
178 silly addNameRange     '3.2.0',
178 silly addNameRange     '3.2.1',
178 silly addNameRange     '3.2.2',
178 silly addNameRange     '3.2.3',
178 silly addNameRange     '3.2.4',
178 silly addNameRange     '3.2.5',
178 silly addNameRange     '3.2.6',
178 silly addNameRange     '3.3.0',
178 silly addNameRange     '3.3.1',
178 silly addNameRange     '3.3.2',
178 silly addNameRange     '3.3.3',
178 silly addNameRange     '3.3.4',
178 silly addNameRange     '3.3.5',
178 silly addNameRange     '3.3.6',
178 silly addNameRange     '1.0.0-beta',
178 silly addNameRange     '1.0.0-beta2',
178 silly addNameRange     '1.0.0-rc',
178 silly addNameRange     '1.0.0-rc2',
178 silly addNameRange     '1.0.0-rc3',
178 silly addNameRange     '1.0.0-rc4',
178 silly addNameRange     '2.0.0-beta',
178 silly addNameRange     '2.0.0-beta2',
178 silly addNameRange     '2.0.0-beta3',
178 silly addNameRange     '2.0.0-rc',
178 silly addNameRange     '2.0.0-rc2',
178 silly addNameRange     '2.0.0-rc3',
178 silly addNameRange     '3.0.0-alpha1',
178 silly addNameRange     '3.0.0-alpha2',
178 silly addNameRange     '3.0.0-alpha3',
178 silly addNameRange     '3.0.0-alpha4',
178 silly addNameRange     '3.0.0-alpha5',
178 silly addNameRange     '3.0.0-beta1',
178 silly addNameRange     '3.0.0-beta2',
178 silly addNameRange     '3.0.0-beta3',
178 silly addNameRange     '3.0.0-beta4',
178 silly addNameRange     '3.0.0-beta6',
178 silly addNameRange     '3.0.0-beta7',
178 silly addNameRange     '3.0.0-rc1',
178 silly addNameRange     '3.0.0-rc2',
178 silly addNameRange     '3.0.0-rc3',
178 silly addNameRange     '3.0.0-rc4',
178 silly addNameRange     '3.0.0-rc5',
178 silly addNameRange     '3.3.7',
178 silly addNameRange     '3.3.8',
178 silly addNameRange     '3.4.0',
178 silly addNameRange     '3.4.1',
178 silly addNameRange     '3.4.2',
178 silly addNameRange     '3.4.3',
178 silly addNameRange     '3.4.4',
178 silly addNameRange     '3.4.5',
178 silly addNameRange     '3.4.6',
178 silly addNameRange     '3.4.7',
178 silly addNameRange     '3.4.8',
178 silly addNameRange     '4.0.0-rc1',
178 silly addNameRange     '4.0.0-rc2',
178 silly addNameRange     '3.5.0',
178 silly addNameRange     '4.0.0-rc3',
178 silly addNameRange     '4.0.0-rc4',
178 silly addNameRange     '3.5.1',
178 silly addNameRange     '4.0.0',
178 silly addNameRange     '3.5.2',
178 silly addNameRange     '4.1.0',
178 silly addNameRange     '4.1.1',
178 silly addNameRange     '3.5.3',
178 silly addNameRange     '4.1.2',
178 silly addNameRange     '3.6.0',
178 silly addNameRange     '4.2.0',
178 silly addNameRange     '3.7.0',
178 silly addNameRange     '3.8.0',
178 silly addNameRange     '4.3.0',
178 silly addNameRange     '4.3.1',
178 silly addNameRange     '3.8.1',
178 silly addNameRange     '4.3.2',
178 silly addNameRange     '3.9.0',
178 silly addNameRange     '4.4.0',
178 silly addNameRange     '4.4.1',
178 silly addNameRange     '3.10.0',
178 silly addNameRange     '3.10.1',
178 silly addNameRange     '3.10.2',
178 silly addNameRange     '3.10.3',
178 silly addNameRange     '3.10.4',
178 silly addNameRange     '4.4.2',
178 silly addNameRange     '3.10.5',
178 silly addNameRange     '4.4.3',
178 silly addNameRange     '3.11.0',
178 silly addNameRange     '4.4.4',
178 silly addNameRange     '3.12.0',
178 silly addNameRange     '3.12.1',
178 silly addNameRange     '4.4.5',
178 silly addNameRange     '3.13.0',
178 silly addNameRange     '4.5.0',
178 silly addNameRange     '4.5.1',
178 silly addNameRange     '3.14.0',
178 silly addNameRange     '4.6.0',
178 silly addNameRange     '4.6.1',
178 silly addNameRange     '3.15.0',
178 silly addNameRange     '4.7.0',
178 silly addNameRange     '3.15.1',
178 silly addNameRange     '4.7.1',
178 silly addNameRange     '3.15.2',
178 silly addNameRange     '4.7.2',
178 silly addNameRange     '4.7.3',
178 silly addNameRange     '3.15.3',
178 silly addNameRange     '4.7.4',
178 silly addNameRange     '3.16.0',
178 silly addNameRange     '4.8.0',
178 silly addNameRange     '3.16.1',
178 silly addNameRange     '4.8.1',
178 silly addNameRange     '3.16.2',
178 silly addNameRange     '4.8.2',
178 silly addNameRange     '3.16.3',
178 silly addNameRange     '3.16.4',
178 silly addNameRange     '4.8.3',
178 silly addNameRange     '3.16.5',
178 silly addNameRange     '3.16.6',
178 silly addNameRange     '4.8.4',
178 silly addNameRange     '3.16.7',
178 silly addNameRange     '4.8.5',
178 silly addNameRange     '3.16.8',
178 silly addNameRange     '4.8.6',
178 silly addNameRange     '3.16.9',
178 silly addNameRange     '4.8.7',
178 silly addNameRange     '3.16.10',
178 silly addNameRange     '4.8.8',
178 silly addNameRange     '3.17.0',
178 silly addNameRange     '3.17.1',
178 silly addNameRange     '4.9.0',
178 silly addNameRange     '3.17.2',
178 silly addNameRange     '4.9.1',
178 silly addNameRange     '4.9.2',
178 silly addNameRange     '3.17.3',
178 silly addNameRange     '4.9.3',
178 silly addNameRange     '3.17.4',
178 silly addNameRange     '4.9.4',
178 silly addNameRange     '3.17.5',
178 silly addNameRange     '4.9.5',
178 silly addNameRange     '3.17.6',
178 silly addNameRange     '3.17.7',
178 silly addNameRange     '4.9.6',
178 silly addNameRange     '4.9.7',
178 silly addNameRange     '3.17.8',
178 silly addNameRange     '4.9.8',
178 silly addNameRange     '3.18.0',
178 silly addNameRange     '3.18.1',
178 silly addNameRange     '4.10.0',
178 silly addNameRange     '3.18.2',
178 silly addNameRange     '4.10.1',
178 silly addNameRange     '5.0.0-alpha.1',
178 silly addNameRange     '3.18.3',
178 silly addNameRange     '4.10.2',
178 silly addNameRange     '3.18.4',
178 silly addNameRange     '4.10.3',
178 silly addNameRange     '4.10.4',
178 silly addNameRange     '4.10.5',
178 silly addNameRange     '3.18.5',
178 silly addNameRange     '3.18.6',
178 silly addNameRange     '4.10.6',
178 silly addNameRange     '4.10.7',
178 silly addNameRange     '3.19.0',
178 silly addNameRange     '4.10.8',
178 silly addNameRange     '4.11.0',
178 silly addNameRange     '3.19.1',
178 silly addNameRange     '4.11.1',
178 silly addNameRange     '3.19.2',
178 silly addNameRange     '4.11.2',
178 silly addNameRange     '3.20.0',
178 silly addNameRange     '4.12.0',
178 silly addNameRange     '3.20.1',
178 silly addNameRange     '4.12.1',
178 silly addNameRange     '4.12.2',
178 silly addNameRange     '3.20.2',
178 silly addNameRange     '4.12.3',
178 silly addNameRange     '3.20.3',
178 silly addNameRange     '4.12.4',
178 silly addNameRange     '3.21.0',
178 silly addNameRange     '4.13.0',
178 silly addNameRange     '3.21.1',
178 silly addNameRange     '4.13.1',
178 silly addNameRange     '5.0.0-alpha.2',
178 silly addNameRange     '3.21.2',
178 silly addNameRange     '4.13.2',
178 silly addNameRange     '4.13.3' ] ]
179 silly addNamed express@4.13.3
180 verbose addNamed "4.13.3" is a plain semver version for express
181 silly cache afterAdd express@4.13.3
182 verbose afterAdd /Users/eliu/.npm/express/4.13.3/package/package.json not in flight; writing
183 verbose afterAdd /Users/eliu/.npm/express/4.13.3/package/package.json written
184 verbose stack Error: getaddrinfo ENOTFOUND registry.npmjs.org registry.npmjs.org:443
184 verbose stack     at errnoException (dns.js:26:10)
184 verbose stack     at GetAddrInfoReqWrap.onlookup [as oncomplete] (dns.js:77:26)
185 verbose cwd /Users/eliu/code/gittest/expressProject/myApp
186 error Darwin 14.5.0
187 error argv "/usr/local/bin/node" "/usr/local/bin/npm" "install"
188 error node v4.2.1
189 error npm  v2.14.7
190 error code ENOTFOUND
191 error errno ENOTFOUND
192 error syscall getaddrinfo
193 error network getaddrinfo ENOTFOUND registry.npmjs.org registry.npmjs.org:443
193 error network This is most likely not a problem with npm itself
193 error network and is related to network connectivity.
193 error network In most cases you are behind a proxy or have bad network settings.
193 error network
193 error network If you are behind a proxy, please make sure that the
193 error network 'proxy' config is set properly.  See: 'npm help config'
194 verbose exit [ 1, true ]
